

Started GET "/" for 127.0.0.1 at 2014-09-20 15:40:40 -0700
Processing by Rails::WelcomeController#index as HTML
  Rendered /home/christopher/.rvm/gems/ruby-2.0.0-p451/gems/railties-4.1.4/lib/rails/templates/rails/welcome/index.html.erb (6.2ms)
Completed 200 OK in 203ms (Views: 176.9ms | ActiveRecord: 0.0ms)


Started GET "/" for 127.0.0.1 at 2014-09-20 15:43:01 -0700
Processing by WelcomeController#index as HTML
  Rendered welcome/index.html.erb within layouts/application (0.7ms)
Completed 500 Internal Server Error in 86ms

ActionView::Template::Error (couldn't find file 'jquery.rambling.slider'
  (in /home/christopher/code2/portfolio/app/assets/stylesheets/application.css:15)):
    2: <html>
    3: <head>
    4:   <title>PortfolioApp</title>
    5:   <%= stylesheet_link_tag    'application', media: 'all', 'data-turbolinks-track' => true %>
    6:   <%= javascript_include_tag 'application', 'data-turbolinks-track' => true %>
    7:   <%= csrf_meta_tags %>
    8:   <%= stylesheet_link_tag 'jquery.rambling.slider' %>
  app/views/layouts/application.html.erb:5:in `_app_views_layouts_application_html_erb__1698234278170667631_27398420'


  Rendered /home/christopher/.rvm/gems/ruby-2.0.0-p451/gems/actionpack-4.1.4/lib/action_dispatch/middleware/templates/rescues/_trace.html.erb (1.1ms)
  Rendered /home/christopher/.rvm/gems/ruby-2.0.0-p451/gems/actionpack-4.1.4/lib/action_dispatch/middleware/templates/rescues/_request_and_response.html.erb (0.8ms)
  Rendered /home/christopher/.rvm/gems/ruby-2.0.0-p451/gems/actionpack-4.1.4/lib/action_dispatch/middleware/templates/rescues/template_error.html.erb within rescues/layout (20.2ms)
